<?xml version="1.0" encoding="UTF-8"?>
<!-- Generated by org.testng.reporters.JUnitReportReporter -->
<testsuite hostname="LAPTOP-LSLT691C" name="June10.suppliers" tests="1" failures="0" timestamp="19 Jun 2021 06:28:57 GMT" time="18.108" errors="0">
  <testcase name="setup" time="18.108" classname="June10.suppliers"/>
</testsuite> <!-- June10.suppliers -->
