<?xml version="1.0" encoding="UTF-8"?>
<!-- Generated by org.testng.reporters.JUnitReportReporter -->
<testsuite hostname="LAPTOP-LSLT691C" name="June10.PropertyFile" tests="1" failures="0" timestamp="15 Jun 2021 10:00:45 GMT" time="2.258" errors="0">
  <testcase name="verifylogin" time="2.258" classname="June10.PropertyFile"/>
</testsuite> <!-- June10.PropertyFile -->
