<?xml version="1.0" encoding="UTF-8"?>
<!-- Generated by org.testng.reporters.JUnitReportReporter -->
<testsuite hostname="LAPTOP-LSLT691C" name="June10.DemoReport" tests="3" failures="0" timestamp="14 Jun 2021 05:13:43 GMT" time="0.009" errors="0">
  <testcase name="passtest" time="0.000" classname="June10.DemoReport"/>
  <testcase name="skiptest" time="0.003" classname="June10.DemoReport"/>
  <testcase name="failtest" time="0.006" classname="June10.DemoReport"/>
</testsuite> <!-- June10.DemoReport -->
