<?xml version="1.0" encoding="UTF-8"?>
<!-- Generated by org.testng.reporters.JUnitReportReporter -->
<testsuite hostname="LAPTOP-LSLT691C" name="june11.Demo" tests="1" failures="0" timestamp="15 Jun 2021 10:01:41 GMT" time="26.747" errors="0">
  <testcase name="verifylogin" time="26.747" classname="june11.Demo"/>
</testsuite> <!-- june11.Demo -->
